This is pdfTeX, Version 3.14159265-2.6-1.40.20 (TeX Live 2019/Debian) (preloaded format=pdflatex 2020.12.1)  7 MAR 2021 16:26
entering extended mode
 restricted \write18 enabled.
 file:line:error style messages enabled.
 %&-line parsing enabled.
**/home/bgt/Documents/EN3/Mycrosysteme/RestoTech/restoTex/RestoTech.tex
(/home/bgt/Documents/EN3/Mycrosysteme/RestoTech/restoTex/RestoTech.tex
LaTeX2e <2020-02-02> patch level 2
L3 programming layer <2020-02-14> (/usr/share/texlive/texmf-dist/tex/latex/base/report.cls
Document Class: report 2019/12/20 v1.4l Standard LaTeX document class
(/usr/share/texlive/texmf-dist/tex/latex/base/size12.clo
File: size12.clo 2019/12/20 v1.4l Standard LaTeX file (size option)
)
\c@part=\count167
\c@chapter=\count168
\c@section=\count169
\c@subsection=\count170
\c@subsubsection=\count171
\c@paragraph=\count172
\c@subparagraph=\count173
\c@figure=\count174
\c@table=\count175
\abovecaptionskip=\skip47
\belowcaptionskip=\skip48
\bibindent=\dimen134
) (/usr/share/texlive/texmf-dist/tex/latex/graphics/graphicx.sty
Package: graphicx 2019/11/30 v1.2a Enhanced LaTeX Graphics (DPC,SPQR)
 (/usr/share/texlive/texmf-dist/tex/latex/graphics/keyval.sty
Package: keyval 2014/10/28 v1.15 key=value parser (DPC)
\KV@toks@=\toks14
) (/usr/share/texlive/texmf-dist/tex/latex/graphics/graphics.sty
Package: graphics 2019/11/30 v1.4a Standard LaTeX Graphics (DPC,SPQR)
 (/usr/share/texlive/texmf-dist/tex/latex/graphics/trig.sty
Package: trig 2016/01/03 v1.10 sin cos tan (DPC)
) (/usr/share/texlive/texmf-dist/tex/latex/graphics-cfg/graphics.cfg
File: graphics.cfg 2016/06/04 v1.11 sample graphics configuration
)
Package graphics Info: Driver file: pdftex.def on input line 105.
 (/usr/share/texlive/texmf-dist/tex/latex/graphics-def/pdftex.def
File: pdftex.def 2018/01/08 v1.0l Graphics/color driver for pdftex
))
\Gin@req@height=\dimen135
\Gin@req@width=\dimen136
) (/usr/share/texlive/texmf-dist/tex/latex/subfig/subfig.sty
Package: subfig 2005/06/28 ver: 1.3 subfig package
 (/usr/share/texlive/texmf-dist/tex/latex/caption/caption.sty
Package: caption 2020/01/03 v3.4h Customizing captions (AR)
 (/usr/share/texlive/texmf-dist/tex/latex/caption/caption3.sty
Package: caption3 2020/01/03 v1.8h caption3 kernel (AR)
Package caption3 Info: TeX engine: e-TeX on input line 61.
\captionmargin=\dimen137
\captionmargin@=\dimen138
\captionwidth=\dimen139
\caption@tempdima=\dimen140
\caption@indent=\dimen141
\caption@parindent=\dimen142
\caption@hangindent=\dimen143
Package caption Info: Standard document class detected.
)
\c@caption@flags=\count176
\c@continuedfloat=\count177
)
\c@KVtest=\count178
\sf@farskip=\skip49
\sf@captopadj=\dimen144
\sf@capskip=\skip50
\sf@nearskip=\skip51
\c@subfigure=\count179
\c@subfigure@save=\count180
\c@lofdepth=\count181
\c@subtable=\count182
\c@subtable@save=\count183
\c@lotdepth=\count184
\sf@top=\skip52
\sf@bottom=\skip53
) (/usr/share/texlive/texmf-dist/tex/latex/hyperref/hyperref.sty
Package: hyperref 2020/01/14 v7.00d Hypertext links for LaTeX
 (/usr/share/texlive/texmf-dist/tex/generic/ltxcmds/ltxcmds.sty
Package: ltxcmds 2019/12/15 v1.24 LaTeX kernel commands for general use (HO)
) (/usr/share/texlive/texmf-dist/tex/generic/iftex/iftex.sty
Package: iftex 2019/11/07 v1.0c TeX engine tests
) (/usr/share/texlive/texmf-dist/tex/latex/pdftexcmds/pdftexcmds.sty
Package: pdftexcmds 2019/11/24 v0.31 Utility functions of pdfTeX for LuaTeX (HO)
 (/usr/share/texlive/texmf-dist/tex/generic/infwarerr/infwarerr.sty
Package: infwarerr 2019/12/03 v1.5 Providing info/warning/error messages (HO)
)
Package pdftexcmds Info: \pdf@primitive is available.
Package pdftexcmds Info: \pdf@ifprimitive is available.
Package pdftexcmds Info: \pdfdraftmode found.
) (/usr/share/texlive/texmf-dist/tex/generic/kvsetkeys/kvsetkeys.sty
Package: kvsetkeys 2019/12/15 v1.18 Key value parser (HO)
) (/usr/share/texlive/texmf-dist/tex/generic/kvdefinekeys/kvdefinekeys.sty
Package: kvdefinekeys 2019-12-19 v1.6 Define keys (HO)
) (/usr/share/texlive/texmf-dist/tex/generic/pdfescape/pdfescape.sty
Package: pdfescape 2019/12/09 v1.15 Implements pdfTeX's escape features (HO)
) (/usr/share/texlive/texmf-dist/tex/latex/hycolor/hycolor.sty
Package: hycolor 2020-01-27 v1.10 Color options for hyperref/bookmark (HO)
) (/usr/share/texlive/texmf-dist/tex/latex/letltxmacro/letltxmacro.sty
Package: letltxmacro 2019/12/03 v1.6 Let assignment for LaTeX macros (HO)
) (/usr/share/texlive/texmf-dist/tex/latex/auxhook/auxhook.sty
Package: auxhook 2019-12-17 v1.6 Hooks for auxiliary files (HO)
) (/usr/share/texlive/texmf-dist/tex/latex/kvoptions/kvoptions.sty
Package: kvoptions 2019/11/29 v3.13 Key value format for package options (HO)
)
\@linkdim=\dimen145
\Hy@linkcounter=\count185
\Hy@pagecounter=\count186
 (/usr/share/texlive/texmf-dist/tex/latex/hyperref/pd1enc.def
File: pd1enc.def 2020/01/14 v7.00d Hyperref: PDFDocEncoding definition (HO)
Now handling font encoding PD1 ...
... no UTF-8 mapping file for font encoding PD1
) (/usr/share/texlive/texmf-dist/tex/generic/intcalc/intcalc.sty
Package: intcalc 2019/12/15 v1.3 Expandable calculations with integers (HO)
) (/usr/share/texlive/texmf-dist/tex/generic/etexcmds/etexcmds.sty
Package: etexcmds 2019/12/15 v1.7 Avoid name clashes with e-TeX commands (HO)
)
\Hy@SavedSpaceFactor=\count187
\pdfmajorversion=\count188
Package hyperref Info: Hyper figures OFF on input line 4547.
Package hyperref Info: Link nesting OFF on input line 4552.
Package hyperref Info: Hyper index ON on input line 4555.
Package hyperref Info: Plain pages OFF on input line 4562.
Package hyperref Info: Backreferencing OFF on input line 4567.
Package hyperref Info: Implicit mode ON; LaTeX internals redefined.
Package hyperref Info: Bookmarks ON on input line 4800.
\c@Hy@tempcnt=\count189
 (/usr/share/texlive/texmf-dist/tex/latex/url/url.sty
\Urlmuskip=\muskip16
Package: url 2013/09/16  ver 3.4  Verb mode for urls, etc.
)
LaTeX Info: Redefining \url on input line 5159.
\XeTeXLinkMargin=\dimen146
 (/usr/share/texlive/texmf-dist/tex/generic/bitset/bitset.sty
Package: bitset 2019/12/09 v1.3 Handle bit-vector datatype (HO)
 (/usr/share/texlive/texmf-dist/tex/generic/bigintcalc/bigintcalc.sty
Package: bigintcalc 2019/12/15 v1.5 Expandable calculations on big integers (HO)
))
\Fld@menulength=\count190
\Field@Width=\dimen147
\Fld@charsize=\dimen148
Package hyperref Info: Hyper figures OFF on input line 6430.
Package hyperref Info: Link nesting OFF on input line 6435.
Package hyperref Info: Hyper index ON on input line 6438.
Package hyperref Info: backreferencing OFF on input line 6445.
Package hyperref Info: Link coloring OFF on input line 6450.
Package hyperref Info: Link coloring with OCG OFF on input line 6455.
Package hyperref Info: PDF/A mode OFF on input line 6460.
LaTeX Info: Redefining \ref on input line 6500.
LaTeX Info: Redefining \pageref on input line 6504.
 (/usr/share/texlive/texmf-dist/tex/generic/atbegshi/atbegshi.sty
Package: atbegshi 2019/12/05 v1.19 At begin shipout hook (HO)
)
\Hy@abspage=\count191
\c@Item=\count192
\c@Hfootnote=\count193
)
Package hyperref Info: Driver (autodetected): hpdftex.
 (/usr/share/texlive/texmf-dist/tex/latex/hyperref/hpdftex.def
File: hpdftex.def 2020/01/14 v7.00d Hyperref driver for pdfTeX
 (/usr/share/texlive/texmf-dist/tex/latex/atveryend/atveryend.sty
Package: atveryend 2019-12-11 v1.11 Hooks at the very end of document (HO)
Package atveryend Info: \enddocument detected (standard20110627).
)
\Fld@listcount=\count194
\c@bookmark@seq@number=\count195
 (/usr/share/texlive/texmf-dist/tex/latex/rerunfilecheck/rerunfilecheck.sty
Package: rerunfilecheck 2019/12/05 v1.9 Rerun checks for auxiliary files (HO)
 (/usr/share/texlive/texmf-dist/tex/generic/uniquecounter/uniquecounter.sty
Package: uniquecounter 2019/12/15 v1.4 Provide unlimited unique counter (HO)
)
Package uniquecounter Info: New unique counter `rerunfilecheck' on input line 286.
)
\Hy@SectionHShift=\skip54
) (/usr/share/texlive/texmf-dist/tex/latex/l3backend/l3backend-pdfmode.def
File: l3backend-pdfmode.def 2020-02-03 L3 backend support: PDF mode
\l__kernel_color_stack_int=\count196
\l__pdf_internal_box=\box45
) (/home/bgt/Documents/EN3/Mycrosysteme/RestoTech/restoTex/RestoTech.aux (/home/bgt/Documents/EN3/Mycrosysteme/RestoTech/restoTex/Resume/resume.aux) (/home/bgt/Documents/EN3/Mycrosysteme/RestoTech/restoTex/Glossaire/glossaire.aux) (/home/bgt/Documents/EN3/Mycrosysteme/RestoTech/restoTex/Contexte/contexte.aux) (/home/bgt/Documents/EN3/Mycrosysteme/RestoTech/restoTex/Objectif/objectif.aux) (/home/bgt/Documents/EN3/Mycrosysteme/RestoTech/restoTex/Périmètre/périmètre.aux) (/home/bgt/Documents/EN3/Mycrosysteme/RestoTech/restoTex/Fonctionnement/fonctionnement.aux) (/home/bgt/Documents/EN3/Mycrosysteme/RestoTech/restoTex/Ressources/ressources.aux) (/home/bgt/Documents/EN3/Mycrosysteme/RestoTech/restoTex/Budget_Delai/budgetDelai.aux) (/home/bgt/Documents/EN3/Mycrosysteme/RestoTech/restoTex/Conclusion/conclusion.aux))
\openout1 = `RestoTech.aux'.

LaTeX Font Info:    Checking defaults for OML/cmm/m/it on input line 7.
LaTeX Font Info:    ... okay on input line 7.
LaTeX Font Info:    Checking defaults for OMS/cmsy/m/n on input line 7.
LaTeX Font Info:    ... okay on input line 7.
LaTeX Font Info:    Checking defaults for OT1/cmr/m/n on input line 7.
LaTeX Font Info:    ... okay on input line 7.
LaTeX Font Info:    Checking defaults for T1/cmr/m/n on input line 7.
LaTeX Font Info:    ... okay on input line 7.
LaTeX Font Info:    Checking defaults for TS1/cmr/m/n on input line 7.
LaTeX Font Info:    ... okay on input line 7.
LaTeX Font Info:    Checking defaults for OMX/cmex/m/n on input line 7.
LaTeX Font Info:    ... okay on input line 7.
LaTeX Font Info:    Checking defaults for U/cmr/m/n on input line 7.
LaTeX Font Info:    ... okay on input line 7.
LaTeX Font Info:    Checking defaults for PD1/pdf/m/n on input line 7.
LaTeX Font Info:    ... okay on input line 7.
 (/usr/share/texlive/texmf-dist/tex/context/base/mkii/supp-pdf.mkii
[Loading MPS to PDF converter (version 2006.09.02).]
\scratchcounter=\count197
\scratchdimen=\dimen149
\scratchbox=\box46
\nofMPsegments=\count198
\nofMParguments=\count199
\everyMPshowfont=\toks15
\MPscratchCnt=\count266
\MPscratchDim=\dimen150
\MPnumerator=\count267
\makeMPintoPDFobject=\count268
\everyMPtoPDFconversion=\toks16
) (/usr/share/texlive/texmf-dist/tex/latex/epstopdf-pkg/epstopdf-base.sty
Package: epstopdf-base 2020-01-24 v2.11 Base part for package epstopdf
Package epstopdf-base Info: Redefining graphics rule for `.eps' on input line 485.
 (/usr/share/texlive/texmf-dist/tex/latex/latexconfig/epstopdf-sys.cfg
File: epstopdf-sys.cfg 2010/07/13 v1.3 Configuration of (r)epstopdf for TeX Live
))
Package caption Info: Begin \AtBeginDocument code.
Package caption Info: subfig package v1.3 is loaded.
Package caption Info: hyperref package is loaded.
Package caption Info: End \AtBeginDocument code.
\AtBeginShipoutBox=\box47
Package hyperref Info: Link coloring OFF on input line 7.
 (/usr/share/texlive/texmf-dist/tex/latex/hyperref/nameref.sty
Package: nameref 2019/09/16 v2.46 Cross-referencing by name of section
 (/usr/share/texlive/texmf-dist/tex/latex/refcount/refcount.sty
Package: refcount 2019/12/15 v3.6 Data extraction from label references (HO)
) (/usr/share/texlive/texmf-dist/tex/generic/gettitlestring/gettitlestring.sty
Package: gettitlestring 2019/12/15 v1.6 Cleanup title references (HO)
)
\c@section@level=\count269
)
LaTeX Info: Redefining \ref on input line 7.
LaTeX Info: Redefining \pageref on input line 7.
LaTeX Info: Redefining \nameref on input line 7.
 (/home/bgt/Documents/EN3/Mycrosysteme/RestoTech/restoTex/RestoTech.out) (/home/bgt/Documents/EN3/Mycrosysteme/RestoTech/restoTex/RestoTech.out)
\@outlinefile=\write3
\openout3 = `RestoTech.out'.

<logo_ueh.jpg, id=32, 447.8331pt x 219.219pt>
File: logo_ueh.jpg Graphic file (type jpg)
<use logo_ueh.jpg>
Package pdftex.def Info: logo_ueh.jpg  used on input line 11.
(pdftex.def)             Requested size: 195.0pt x 95.45314pt.
<logoFDS.jpg, id=33, 642.4pt x 642.4pt>
File: logoFDS.jpg Graphic file (type jpg)
<use logoFDS.jpg>
Package pdftex.def Info: logoFDS.jpg  used on input line 13.
(pdftex.def)             Requested size: 155.99762pt x 155.99255pt.
File: logo_ueh.jpg Graphic file (type jpg)
<use logo_ueh.jpg>
Package pdftex.def Info: logo_ueh.jpg  used on input line 18.
(pdftex.def)             Requested size: 390.0pt x 190.91632pt.
 [1

{/var/lib/texmf/fonts/map/pdftex/updmap/pdftex.map} </home/bgt/Documents/EN3/Mycrosysteme/RestoTech/restoTex/logo_ueh.jpg> </home/bgt/Documents/EN3/Mycrosysteme/RestoTech/restoTex/logoFDS.jpg>]
LaTeX Font Info:    External font `cmex10' loaded for size
(Font)              <14.4> on input line 27.
LaTeX Font Info:    External font `cmex10' loaded for size
(Font)              <7> on input line 27.
pdfTeX warning (ext4): destination with the same identifier (name{page.1}) has been already used, duplicate ignored
<to be read again> 
                   \relax 
l.27 
      [1]
LaTeX Font Info:    External font `cmex10' loaded for size
(Font)              <12> on input line 29.
LaTeX Font Info:    External font `cmex10' loaded for size
(Font)              <8> on input line 29.
LaTeX Font Info:    External font `cmex10' loaded for size
(Font)              <6> on input line 29.
pdfTeX warning (ext4): destination with the same identifier (name{page.1}) has been already used, duplicate ignored
<to be read again> 
                   \relax 
l.40 \tableofcontents
                      [1] (/home/bgt/Documents/EN3/Mycrosysteme/RestoTech/restoTex/RestoTech.toc)
\tf@toc=\write4
\openout4 = `RestoTech.toc'.

 [2

]
\openout2 = `Resume/resume.aux'.

 (/home/bgt/Documents/EN3/Mycrosysteme/RestoTech/restoTex/Resume/resume.tex) [3

]
\openout2 = `Glossaire/glossaire.aux'.

 (/home/bgt/Documents/EN3/Mycrosysteme/RestoTech/restoTex/Glossaire/glossaire.tex) [4


]
\openout2 = `Contexte/contexte.aux'.

 (/home/bgt/Documents/EN3/Mycrosysteme/RestoTech/restoTex/Contexte/contexte.tex
Chapter 1.
) [5



]
\openout2 = `Objectif/objectif.aux'.

 (/home/bgt/Documents/EN3/Mycrosysteme/RestoTech/restoTex/Objectif/objectif.tex
Chapter 2.
) [6



]
\openout2 = `Périmètre/périmètre.aux'.

 (/home/bgt/Documents/EN3/Mycrosysteme/RestoTech/restoTex/Périmètre/périmètre.tex
Chapter 3.
) [7



]
\openout2 = `Fonctionnement/fonctionnement.aux'.

 (/home/bgt/Documents/EN3/Mycrosysteme/RestoTech/restoTex/Fonctionnement/fonctionnement.tex
Chapter 4.
) [8



]
\openout2 = `Ressources/ressources.aux'.

 (/home/bgt/Documents/EN3/Mycrosysteme/RestoTech/restoTex/Ressources/ressources.tex
Chapter 5.
) [9



]
\openout2 = `Budget_Delai/budgetDelai.aux'.

 (/home/bgt/Documents/EN3/Mycrosysteme/RestoTech/restoTex/Budget_Delai/budgetDelai.tex
Chapter 6.
) [10



]
\openout2 = `Conclusion/conclusion.aux'.

 (/home/bgt/Documents/EN3/Mycrosysteme/RestoTech/restoTex/Conclusion/conclusion.tex
Chapter 7.
) [11



]
Package atveryend Info: Empty hook `BeforeClearDocument' on input line 60.
Package atveryend Info: Empty hook `AfterLastShipout' on input line 60.
 (/home/bgt/Documents/EN3/Mycrosysteme/RestoTech/restoTex/RestoTech.aux (/home/bgt/Documents/EN3/Mycrosysteme/RestoTech/restoTex/Resume/resume.aux) (/home/bgt/Documents/EN3/Mycrosysteme/RestoTech/restoTex/Glossaire/glossaire.aux) (/home/bgt/Documents/EN3/Mycrosysteme/RestoTech/restoTex/Contexte/contexte.aux) (/home/bgt/Documents/EN3/Mycrosysteme/RestoTech/restoTex/Objectif/objectif.aux) (/home/bgt/Documents/EN3/Mycrosysteme/RestoTech/restoTex/Périmètre/périmètre.aux) (/home/bgt/Documents/EN3/Mycrosysteme/RestoTech/restoTex/Fonctionnement/fonctionnement.aux) (/home/bgt/Documents/EN3/Mycrosysteme/RestoTech/restoTex/Ressources/ressources.aux) (/home/bgt/Documents/EN3/Mycrosysteme/RestoTech/restoTex/Budget_Delai/budgetDelai.aux) (/home/bgt/Documents/EN3/Mycrosysteme/RestoTech/restoTex/Conclusion/conclusion.aux))
Package atveryend Info: Executing hook `AtVeryEndDocument' on input line 60.
Package atveryend Info: Executing hook `AtEndAfterFileList' on input line 60.
Package rerunfilecheck Info: File `RestoTech.out' has not changed.
(rerunfilecheck)             Checksum: A1589D17FEB7BAA6523BC9A70722B97F;330.
Package atveryend Info: Empty hook `AtVeryVeryEnd' on input line 60.
 ) 
Here is how much of TeX's memory you used:
 6608 strings out of 481239
 109926 string characters out of 5920377
 363114 words of memory out of 5000000
 21673 multiletter control sequences out of 15000+600000
 539282 words of font info for 47 fonts, out of 8000000 for 9000
 1141 hyphenation exceptions out of 8191
 50i,6n,48p,487b,334s stack positions out of 5000i,500n,10000p,200000b,80000s
</usr/share/texlive/texmf-dist/fonts/type1/public/amsfonts/cm/cmbx12.pfb></usr/share/texlive/texmf-dist/fonts/type1/public/amsfonts/cm/cmr12.pfb></usr/share/texlive/texmf-dist/fonts/type1/public/amsfonts/cm/cmr17.pfb></usr/share/texlive/texmf-dist/fonts/type1/public/amsfonts/cm/cmti12.pfb></usr/share/texlive/texmf-dist/fonts/type1/public/amsfonts/cm/cmtt12.pfb>
Output written on /home/bgt/Documents/EN3/Mycrosysteme/RestoTech/restoTex/RestoTech.pdf (13 pages, 853495 bytes).
PDF statistics:
 145 PDF objects out of 1000 (max. 8388607)
 121 compressed objects within 2 object streams
 36 named destinations out of 1000 (max. 500000)
 67 words of extra memory for PDF output out of 10000 (max. 10000000)

